1+1+0
1-1+0
1+0
0+0
1+1+0-(0-(1+1))
(1)*(2)+(x)*(0)
((1)*(x)+(x)*(1))*(x)+(x*x)*(1)
((1)*(2)-(x)*(0))/((2)**2)
((((1)*(x)-(x)*(1))/((x)**2))*(x)-(x/x)*(1))/((x)**2)
((1)*(x/x)-(x)*(((1)*(x)-(x)*(1))/((x)**2)))/((x/x)**2)
((((1)*(x)-(x)*(1))/((x)**2))*(x)-(x/x)*(1))/((x)**2)
e**(ln(x)*(2))*(ln(x)*(0)+(2)*(1)/(x))
e**(ln(x)*(x))*(ln(x)*(1)+(x)*(1)/(x))
((0)*(x)+(3)*(1))*(x)+(3*x)*(1)+(0)*(x)+(5)*(1)+0
e**(ln(x**x)*(x))*(ln(x**x)*(1)+(x)*(e**(ln(x)*(x))*(ln(x)*(1)+(x)*(1)/(x)))/(x**x))
e**(ln(x**x**x)*(x))*(ln(x**x**x)*(1)+(x)*(e**(ln(x**x)*(x))*(ln(x**x)*(1)+(x)*(e**(ln(x)*(x))*(ln(x)*(1)+(x)*(1)/(x)))/(x**x)))/(x**x**x))
1
0
0-1-(1-(0+1))
1-1-1
1-(1-1)
(1)/(x)
0+(1)/(x)
0+((1)/(x))*(7*x)+(ln(x))*((0)*(x)+(7)*(1))
((1)/(x))*(ln(x))+(ln(x))*((1)/(x))
(1)/(1-(x)**2)**(1/2)
(-(1))/(1-(x)**2)**(1/2)
(1)/(1+(x)**2)
(-(1))/(1+(x)**2)
(1)/(1-(x)**2)**(1/2)+(-(1))/(1-(x)**2)**(1/2)
(1)*(cos(x))
(-(1))*(sin(x))
((1)*(cos(x)))*(cos(x))+(sin(x))*((-(1))*(sin(x)))
(1)*(cos(x))-(-(1))*(sin(x))
(1)/(cos(x)**2)
(-(1))/(sin(x)**2)
((1)/(cos(x)**2))*(ctg(x))+(tg(x))*((-(1))/(sin(x)**2))
e**(ln(sin(x))*(2))*(ln(sin(x))*(0)+(2)*((1)*(cos(x)))/(sin(x)))+e**(ln(cos(x))*(2))*(ln(cos(x))*(0)+(2)*((-(1))*(sin(x)))/(cos(x)))
0
0
0+0
